<?xml version="1.0" encoding="UTF-8"?>
<testsuite name="com.bridgelabz.generics.MaximumNumberTest" tests="1" skipped="0" failures="0" errors="0" timestamp="2020-04-09T13:41:46" hostname="DESKTOP-J547DO8" time="0.031">
  <properties/>
  <testcase name="givenMultipleStrings_WhendfStringIsMax_ShouldReturnMaxString" classname="com.bridgelabz.generics.MaximumNumberTest" time="0.031"/>
  <system-out><![CDATA[22.98
]]></system-out>
  <system-err><![CDATA[]]></system-err>
</testsuite>
