<?xml version="1.0" encoding="UTF-8"?>
<testsuite name="com.bridgelabz.generics.MaximumNumberTest" tests="12" skipped="0" failures="0" errors="0" timestamp="2020-04-10T07:49:25" hostname="DESKTOP-J547DO8" time="0.035">
  <properties/>
  <testcase name="givenMultipleFloats_WhenFloatIsMax_ShouldReturnMaxFloat" classname="com.bridgelabz.generics.MaximumNumberTest" time="0.019"/>
  <testcase name="givanIntegerMaxNumber_WhenAtSecondPosition_ShouldReturnFirstNumber" classname="com.bridgelabz.generics.MaximumNumberTest" time="0.0"/>
  <testcase name="givenIntegerMaxNumber_WhenAtFirstPosition_ShouldReturnFirstNumber" classname="com.bridgelabz.generics.MaximumNumberTest" time="0.001"/>
  <testcase name="givenMultipleIntegers_WhenIntegerIsMax_ShouldReturnMaxInteger" classname="com.bridgelabz.generics.MaximumNumberTest" time="0.0"/>
  <testcase name="givenMultipleStrings_WhenStringIsMax_ShouldReturnMaxString" classname="com.bridgelabz.generics.MaximumNumberTest" time="0.001"/>
  <testcase name="givenFloatsMaxNumber_WhenAtSecondPosition_ShouldReturnFirstNumber" classname="com.bridgelabz.generics.MaximumNumberTest" time="0.001"/>
  <testcase name="givenFloatsMaxNumber_WhenAtThirdPosition_ShouldReturnFirstNumber" classname="com.bridgelabz.generics.MaximumNumberTest" time="0.001"/>
  <testcase name="givenFloatsMaxNumber_WhenAtFirstPosition_ShouldReturnFirstNumber" classname="com.bridgelabz.generics.MaximumNumberTest" time="0.0"/>
  <testcase name="givenStringMax_WhenAtThirdPosition_ShouldReturnFirstString" classname="com.bridgelabz.generics.MaximumNumberTest" time="0.0"/>
  <testcase name="givanIntegerMaxNumber_WhenAtThirdPosition_ShouldReturnFirstNumber" classname="com.bridgelabz.generics.MaximumNumberTest" time="0.0"/>
  <testcase name="givenStringMax_WhenAtSecondPosition_ShouldReturnFirstString" classname="com.bridgelabz.generics.MaximumNumberTest" time="0.0"/>
  <testcase name="givenStringMax_WhenAtFirstPosition_ShouldReturnFirstString" classname="com.bridgelabz.generics.MaximumNumberTest" time="0.0"/>
  <system-out><![CDATA[22.98
50
95
8
Vijay
88.5
20.5
44.3
Yogesh
91
Vishal
Tushar
]]></system-out>
  <system-err><![CDATA[]]></system-err>
</testsuite>
