<?xml version="1.0" encoding="UTF-8"?>
<testsuite name="com.bridgelabz.generics.MaximumNumberTest" tests="1" skipped="0" failures="0" errors="0" timestamp="2020-04-08T16:34:43" hostname="DESKTOP-J547DO8" time="0.006">
  <properties/>
  <testcase name="givanFloatsMaxNumber_WhenAtFirstPosition_ShouldReturnFirstNumber" classname="com.bridgelabz.generics.MaximumNumberTest" time="0.006"/>
  <system-out><![CDATA[]]></system-out>
  <system-err><![CDATA[]]></system-err>
</testsuite>
